::1 - - [28/Oct/2015:11:27:49 +0000] "GET / HTTP/1.1"   request: {} 200 370
::1 - - [28/Oct/2015:11:27:49 +0000] "GET /bower_components/semantic-ui/dist/semantic.min.css HTTP/1.1"   request: {} 304 -
::1 - - [28/Oct/2015:11:27:49 +0000] "GET /built/bundle.js HTTP/1.1"   request: {} 200 705076
::1 - - [28/Oct/2015:11:27:49 +0000] "GET /bower_components/semantic-ui/dist/themes/default/assets/fonts/icons.woff2 HTTP/1.1"   request: {} 304 -
::1 - - [28/Oct/2015:11:27:49 +0000] "GET /favicon.ico HTTP/1.1"   request: {} 304 -
::1 - - [28/Oct/2015:11:27:49 +0000] "POST /question/get HTTP/1.1"   request: {} 201 19812
::1 - - [28/Oct/2015:11:27:51 +0000] "POST /question/get HTTP/1.1"   request: {"_id":"562723e10fa7868b45968f35"} 201 696
::1 - - [28/Oct/2015:11:27:53 +0000] "POST /question/get HTTP/1.1"   request: {} 201 19812
::1 - - [28/Oct/2015:11:27:57 +0000] "POST /question/get HTTP/1.1"   request: {"_id":"562723e10fa7868b45968f35"} 201 696
::1 - - [28/Oct/2015:11:28:01 +0000] "POST /question/get HTTP/1.1"   request: {} 201 19812
::1 - - [28/Oct/2015:11:28:07 +0000] "POST /question/get HTTP/1.1"   request: {"_id":{"$in":["5620b979f0776ff856b552d9","5620b9a5f0776ff856b552da"]}} 201 722
::1 - - [28/Oct/2015:11:28:09 +0000] "POST /question/get HTTP/1.1"   request: {} 201 19812
::1 - - [28/Oct/2015:11:28:13 +0000] "POST /auth/login HTTP/1.1"   request: {"username":"xhu","password":"xhu"} 201 707
::1 - - [28/Oct/2015:11:28:13 +0000] "POST /question/get HTTP/1.1"   request: {} 201 19812
::1 - - [28/Oct/2015:11:28:19 +0000] "POST /question/get HTTP/1.1"   request: {"_id":"561730695a9130010c961aef"} 201 638
::1 - - [28/Oct/2015:11:28:20 +0000] "POST /question/get HTTP/1.1"   request: {} 201 19812
::1 - - [28/Oct/2015:11:28:21 +0000] "POST /question/get HTTP/1.1"   request: {"_id":"562723e10fa7868b45968f35"} 201 696
::1 - - [28/Oct/2015:11:28:22 +0000] "POST /question/get HTTP/1.1"   request: {} 201 19812
::1 - - [28/Oct/2015:11:28:24 +0000] "POST /question/get HTTP/1.1"   request: {"_id":"5625a7397bebbd53181f4c8b"} 201 678
::1 - - [28/Oct/2015:11:28:26 +0000] "POST /question/get HTTP/1.1"   request: {} 201 19812
::1 - - [28/Oct/2015:11:28:27 +0000] "POST /question/get HTTP/1.1"   request: {"$and":[{"difficulty":{"$in":["0"]}},{}]} 201 1428
::1 - - [28/Oct/2015:11:28:29 +0000] "POST /question/get HTTP/1.1"   request: {"$and":[{"difficulty":{"$in":["0","1"]}},{}]} 201 2967
::1 - - [28/Oct/2015:11:28:29 +0000] "POST /question/get HTTP/1.1"   request: {"$and":[{"difficulty":{"$in":["0","1","2"]}},{}]} 201 6201
::1 - - [28/Oct/2015:11:28:29 +0000] "POST /question/get HTTP/1.1"   request: {"$and":[{"difficulty":{"$in":["0","1","2","3"]}},{}]} 201 15089
::1 - - [28/Oct/2015:11:28:29 +0000] "POST /question/get HTTP/1.1"   request: {"$and":[{"difficulty":{"$in":["0","1","2","3","4"]}},{}]} 201 18946
::1 - - [28/Oct/2015:11:28:30 +0000] "POST /question/get HTTP/1.1"   request: {"$and":[{"difficulty":{"$in":["0","1","2","3","4","5"]}},{}]} 201 19812
::1 - - [28/Oct/2015:11:28:31 +0000] "POST /question/get HTTP/1.1"   request: {"$and":[{"difficulty":{"$in":["1","2","3","4","5"]}},{}]} 201 18385
::1 - - [28/Oct/2015:11:28:31 +0000] "POST /question/get HTTP/1.1"   request: {"$and":[{"difficulty":{"$in":["2","3","4","5"]}},{}]} 201 16846
::1 - - [28/Oct/2015:11:28:31 +0000] "POST /question/get HTTP/1.1"   request: {"$and":[{"difficulty":{"$in":["4","5"]}},{}]} 201 4724
::1 - - [28/Oct/2015:11:28:31 +0000] "POST /question/get HTTP/1.1"   request: {"$and":[{"difficulty":{"$in":["3","4","5"]}},{}]} 201 13612
::1 - - [28/Oct/2015:11:28:31 +0000] "POST /question/get HTTP/1.1"   request: {"$and":[{"difficulty":{"$in":["5"]}},{}]} 201 867
::1 - - [28/Oct/2015:11:28:31 +0000] "POST /question/get HTTP/1.1"   request: {"$and":[{},{}]} 201 19812
::1 - - [28/Oct/2015:11:28:31 +0000] "POST /question/get HTTP/1.1"   request: {"$and":[{},{}]} 201 19812
::1 - - [28/Oct/2015:11:28:31 +0000] "POST /question/get HTTP/1.1"   request: {"$and":[{},{}]} 201 19812
::1 - - [28/Oct/2015:11:28:31 +0000] "POST /question/get HTTP/1.1"   request: {"$and":[{},{}]} 201 19812
::1 - - [28/Oct/2015:11:28:31 +0000] "POST /question/get HTTP/1.1"   request: {"$and":[{},{}]} 201 19812
